[09/Nov/2022 19:13:09] 부정맥 모델 업데이트 진행
[09/Nov/2022 19:13:18] 심부전 모델 업데이트 진행
[09/Nov/2022 19:16:33] 부정맥 모델 업데이트 진행
[09/Nov/2022 19:16:43] 심부전 모델 업데이트 진행
[09/Nov/2022 19:17:50] 부정맥 모델 업데이트 진행
[09/Nov/2022 19:17:59] 심부전 모델 업데이트 진행
[09/Nov/2022 19:25:48] (주)지아이랩 신규 업체 등록
[09/Nov/2022 19:31:43] 데이터 자동 수집 종료
[09/Nov/2022 19:32:45] 데이터 자동 라벨링 진행
[09/Nov/2022 19:32:46] 모델 자동 학습 진행
[09/Nov/2022 19:32:51] 데이터 자동 수집 진행
[09/Nov/2022 19:33:05] 부정맥 모델 업데이트 진행
[09/Nov/2022 19:33:14] 심부전 모델 업데이트 진행
[09/Nov/2022 19:36:41] 환경 설정 수정
[09/Nov/2022 19:39:39] 데이터 자동 수집 종료
[09/Nov/2022 19:39:42] 환경 설정 수정
[09/Nov/2022 19:42:17] 데이터 자동 수집 진행
[09/Nov/2022 19:42:30] 부정맥 모델 업데이트 진행
[09/Nov/2022 19:42:39] 심부전 모델 업데이트 진행
[10/Nov/2022 10:45:22] 데이터 자동 수집 종료
[10/Nov/2022 10:45:23] 데이터 자동 라벨링 종료
[10/Nov/2022 10:45:24] 모델 자동 학습 종료
[10/Nov/2022 10:45:34] 환경 설정 수정
[10/Nov/2022 10:45:52] 주식회사 ABC 신규 업체 등록
[10/Nov/2022 10:46:20] 부정맥 모델 업데이트 진행
[10/Nov/2022 10:46:30] 심부전 모델 업데이트 진행
[10/Nov/2022 10:50:17] 부정맥 모델 업데이트 진행
[10/Nov/2022 10:50:26] 심부전 모델 업데이트 진행
[15/Nov/2022 11:56:14] 데이터 자동 수집 진행
[15/Nov/2022 12:08:06] 데이터 자동 라벨링 진행
